{"/Users/kevinp/agile-dev-devops-spring-2026-ai-schools-workshop-ai-schools-workshop_crimson_jaguars/src/App.tsx": {"path":"/Users/kevinp/agile-dev-devops-spring-2026-ai-schools-workshop-ai-schools-workshop_crimson_jaguars/src/App.tsx","statementMap":{"0":{"start":{"line":9,"column":9},"end":{"line":9,"column":42}},"1":{"start":{"line":10,"column":8},"end":{"line":10,"column":32}},"2":{"start":{"line":11,"column":27},"end":{"line":13,"column":9}},"3":{"start":{"line":15,"column":16},"end":{"line":15,"column":null}},"4":{"start":{"line":16,"column":20},"end":{"line":16,"column":null}},"5":{"start":{"line":17,"column":18},"end":{"line":17,"column":null}},"6":{"start":{"line":19,"column":2},"end":{"line":24,"column":null}},"7":{"start":{"line":20,"column":4},"end":{"line":24,"column":null}},"8":{"start":{"line":23,"column":22},"end":{"line":23,"column":null}},"9":{"start":{"line":28,"column":2},"end":{"line":35,"column":null}},"10":{"start":{"line":33,"column":20},"end":{"line":33,"column":33}},"11":{"start":{"line":34,"column":32},"end":{"line":34,"column":null}},"12":{"start":{"line":40,"column":2},"end":{"line":46,"column":null}}},"fnMap":{"0":{"name":"ResultsPageWrapper","decl":{"start":{"line":8,"column":9},"end":{"line":8,"column":30}},"loc":{"start":{"line":8,"column":30},"end":{"line":35,"column":null}},"line":8},"1":{"name":"(anonymous_1)","decl":{"start":{"line":23,"column":8},"end":{"line":23,"column":22}},"loc":{"start":{"line":23,"column":22},"end":{"line":23,"column":null}},"line":23},"2":{"name":"(anonymous_2)","decl":{"start":{"line":33,"column":6},"end":{"line":33,"column":20}},"loc":{"start":{"line":33,"column":20},"end":{"line":33,"column":33}},"line":33},"3":{"name":"(anonymous_3)","decl":{"start":{"line":34,"column":6},"end":{"line":34,"column":18}},"loc":{"start":{"line":34,"column":32},"end":{"line":34,"column":null}},"line":34},"4":{"name":"App","decl":{"start":{"line":39,"column":9},"end":{"line":39,"column":15}},"loc":{"start":{"line":39,"column":15},"end":{"line":46,"column":null}},"line":39}},"branchMap":{"0":{"loc":{"start":{"line":15,"column":16},"end":{"line":15,"column":null}},"type":"binary-expr","locations":[{"start":{"line":15,"column":16},"end":{"line":15,"column":41}},{"start":{"line":15,"column":45},"end":{"line":15,"column":null}}],"line":15},"1":{"loc":{"start":{"line":16,"column":20},"end":{"line":16,"column":null}},"type":"binary-expr","locations":[{"start":{"line":16,"column":20},"end":{"line":16,"column":48}},{"start":{"line":16,"column":52},"end":{"line":16,"column":null}}],"line":16},"2":{"loc":{"start":{"line":17,"column":18},"end":{"line":17,"column":null}},"type":"binary-expr","locations":[{"start":{"line":17,"column":18},"end":{"line":17,"column":44}},{"start":{"line":17,"column":48},"end":{"line":17,"column":null}}],"line":17},"3":{"loc":{"start":{"line":19,"column":2},"end":{"line":24,"column":null}},"type":"if","locations":[{"start":{"line":19,"column":2},"end":{"line":24,"column":null}},{"start":{},"end":{}}],"line":19}},"s":{"0":0,"1":0,"2":0,"3":0,"4":0,"5":0,"6":0,"7":0,"8":0,"9":0,"10":0,"11":0,"12":2},"f":{"0":0,"1":0,"2":0,"3":0,"4":2},"b":{"0":[0,0],"1":[0,0],"2":[0,0],"3":[0,0]},"meta":{"lastBranch":4,"lastFunction":5,"lastStatement":13,"seen":{"f:8:9:8:30":0,"s:9:9:9:42":0,"s:10:8:10:32":1,"s:11:27:13:9":2,"s:15:16:15:Infinity":3,"b:15:16:15:41:15:45:15:Infinity":0,"s:16:20:16:Infinity":4,"b:16:20:16:48:16:52:16:Infinity":1,"s:17:18:17:Infinity":5,"b:17:18:17:44:17:48:17:Infinity":2,"b:19:2:24:Infinity:undefined:undefined:undefined:undefined":3,"s:19:2:24:Infinity":6,"s:20:4:24:Infinity":7,"f:23:8:23:22":1,"s:23:22:23:Infinity":8,"s:28:2:35:Infinity":9,"f:33:6:33:20":2,"s:33:20:33:33":10,"f:34:6:34:18":3,"s:34:32:34:Infinity":11,"f:39:9:39:15":4,"s:40:2:46:Infinity":12}}}
,"/Users/kevinp/agile-dev-devops-spring-2026-ai-schools-workshop-ai-schools-workshop_crimson_jaguars/src/components/AudienceToggle.tsx": {"path":"/Users/kevinp/agile-dev-devops-spring-2026-ai-schools-workshop-ai-schools-workshop_crimson_jaguars/src/components/AudienceToggle.tsx","statementMap":{"0":{"start":{"line":9,"column":2},"end":{"line":28,"column":null}},"1":{"start":{"line":16,"column":25},"end":{"line":16,"column":43}},"2":{"start":{"line":23,"column":25},"end":{"line":23,"column":45}}},"fnMap":{"0":{"name":"AudienceToggle","decl":{"start":{"line":8,"column":24},"end":{"line":8,"column":39}},"loc":{"start":{"line":8,"column":67},"end":{"line":28,"column":null}},"line":8},"1":{"name":"(anonymous_1)","decl":{"start":{"line":16,"column":10},"end":{"line":16,"column":25}},"loc":{"start":{"line":16,"column":25},"end":{"line":16,"column":43}},"line":16},"2":{"name":"(anonymous_2)","decl":{"start":{"line":23,"column":10},"end":{"line":23,"column":25}},"loc":{"start":{"line":23,"column":25},"end":{"line":23,"column":45}},"line":23}},"branchMap":{"0":{"loc":{"start":{"line":15,"column":21},"end":{"line":15,"column":null}},"type":"cond-expr","locations":[{"start":{"line":15,"column":42},"end":{"line":15,"column":61}},{"start":{"line":15,"column":61},"end":{"line":15,"column":null}}],"line":15},"1":{"loc":{"start":{"line":22,"column":21},"end":{"line":22,"column":null}},"type":"cond-expr","locations":[{"start":{"line":22,"column":44},"end":{"line":22,"column":63}},{"start":{"line":22,"column":63},"end":{"line":22,"column":null}}],"line":22}},"s":{"0":27,"1":1,"2":4},"f":{"0":27,"1":1,"2":4},"b":{"0":[22,5],"1":[5,22]},"meta":{"lastBranch":2,"lastFunction":3,"lastStatement":3,"seen":{"f:8:24:8:39":0,"s:9:2:28:Infinity":0,"b:15:42:15:61:15:61:15:Infinity":0,"f:16:10:16:25":1,"s:16:25:16:43":1,"b:22:44:22:63:22:63:22:Infinity":1,"f:23:10:23:25":2,"s:23:25:23:45":2}}}
,"/Users/kevinp/agile-dev-devops-spring-2026-ai-schools-workshop-ai-schools-workshop_crimson_jaguars/src/components/DistrictCard.tsx": {"path":"/Users/kevinp/agile-dev-devops-spring-2026-ai-schools-workshop-ai-schools-workshop_crimson_jaguars/src/components/DistrictCard.tsx","statementMap":{"0":{"start":{"line":13,"column":2},"end":{"line":13,"column":null}},"1":{"start":{"line":13,"column":19},"end":{"line":13,"column":null}},"2":{"start":{"line":14,"column":2},"end":{"line":14,"column":null}},"3":{"start":{"line":14,"column":19},"end":{"line":14,"column":null}},"4":{"start":{"line":15,"column":2},"end":{"line":15,"column":null}},"5":{"start":{"line":19,"column":2},"end":{"line":19,"column":null}},"6":{"start":{"line":38,"column":6},"end":{"line":38,"column":null}},"7":{"start":{"line":41,"column":18},"end":{"line":41,"column":null}},"8":{"start":{"line":42,"column":19},"end":{"line":44,"column":null}},"9":{"start":{"line":47,"column":19},"end":{"line":49,"column":null}},"10":{"start":{"line":52,"column":21},"end":{"line":54,"column":null}},"11":{"start":{"line":57,"column":22},"end":{"line":59,"column":null}},"12":{"start":{"line":61,"column":2},"end":{"line":125,"column":null}},"13":{"start":{"line":115,"column":25},"end":{"line":115,"column":44}}},"fnMap":{"0":{"name":"scoreColor","decl":{"start":{"line":12,"column":9},"end":{"line":12,"column":20}},"loc":{"start":{"line":12,"column":35},"end":{"line":15,"column":null}},"line":12},"1":{"name":"formatMoney","decl":{"start":{"line":18,"column":9},"end":{"line":18,"column":21}},"loc":{"start":{"line":18,"column":32},"end":{"line":19,"column":null}},"line":18},"2":{"name":"DistrictCard","decl":{"start":{"line":22,"column":16},"end":{"line":22,"column":29}},"loc":{"start":{"line":28,"column":22},"end":{"line":125,"column":null}},"line":28},"3":{"name":"(anonymous_3)","decl":{"start":{"line":115,"column":10},"end":{"line":115,"column":25}},"loc":{"start":{"line":115,"column":25},"end":{"line":115,"column":44}},"line":115}},"branchMap":{"0":{"loc":{"start":{"line":13,"column":2},"end":{"line":13,"column":null}},"type":"if","locations":[{"start":{"line":13,"column":2},"end":{"line":13,"column":null}},{"start":{},"end":{}}],"line":13},"1":{"loc":{"start":{"line":14,"column":2},"end":{"line":14,"column":null}},"type":"if","locations":[{"start":{"line":14,"column":2},"end":{"line":14,"column":null}},{"start":{},"end":{}}],"line":14},"2":{"loc":{"start":{"line":57,"column":22},"end":{"line":59,"column":null}},"type":"cond-expr","locations":[{"start":{"line":58,"column":6},"end":{"line":58,"column":null}},{"start":{"line":59,"column":6},"end":{"line":59,"column":null}}],"line":57},"3":{"loc":{"start":{"line":118,"column":12},"end":{"line":120,"column":null}},"type":"cond-expr","locations":[{"start":{"line":119,"column":16},"end":{"line":119,"column":null}},{"start":{"line":120,"column":16},"end":{"line":120,"column":null}}],"line":118},"4":{"loc":{"start":{"line":123,"column":11},"end":{"line":123,"column":null}},"type":"cond-expr","locations":[{"start":{"line":123,"column":24},"end":{"line":123,"column":37}},{"start":{"line":123,"column":37},"end":{"line":123,"column":null}}],"line":123}},"s":{"0":140,"1":56,"2":84,"3":84,"4":42,"5":140,"6":140,"7":140,"8":140,"9":140,"10":140,"11":140,"12":140,"13":2},"f":{"0":140,"1":140,"2":140,"3":2},"b":{"0":[56,84],"1":[42,42],"2":[3,137],"3":[3,137],"4":[3,137]},"meta":{"lastBranch":5,"lastFunction":4,"lastStatement":14,"seen":{"f:12:9:12:20":0,"b:13:2:13:Infinity:undefined:undefined:undefined:undefined":0,"s:13:2:13:Infinity":0,"s:13:19:13:Infinity":1,"b:14:2:14:Infinity:undefined:undefined:undefined:undefined":1,"s:14:2:14:Infinity":2,"s:14:19:14:Infinity":3,"s:15:2:15:Infinity":4,"f:18:9:18:21":1,"s:19:2:19:Infinity":5,"f:22:16:22:29":2,"s:38:6:38:Infinity":6,"s:41:18:41:Infinity":7,"s:42:19:44:Infinity":8,"s:47:19:49:Infinity":9,"s:52:21:54:Infinity":10,"s:57:22:59:Infinity":11,"b:58:6:58:Infinity:59:6:59:Infinity":2,"s:61:2:125:Infinity":12,"f:115:10:115:25":3,"s:115:25:115:44":13,"b:119:16:119:Infinity:120:16:120:Infinity":3,"b:123:24:123:37:123:37:123:Infinity":4}}}
,"/Users/kevinp/agile-dev-devops-spring-2026-ai-schools-workshop-ai-schools-workshop_crimson_jaguars/src/components/MetricRow.tsx": {"path":"/Users/kevinp/agile-dev-devops-spring-2026-ai-schools-workshop-ai-schools-workshop_crimson_jaguars/src/components/MetricRow.tsx","statementMap":{"0":{"start":{"line":8,"column":18},"end":{"line":8,"column":56}},"1":{"start":{"line":9,"column":2},"end":{"line":20,"column":null}}},"fnMap":{"0":{"name":"MetricRow","decl":{"start":{"line":7,"column":16},"end":{"line":7,"column":26}},"loc":{"start":{"line":7,"column":72},"end":{"line":20,"column":null}},"line":7}},"branchMap":{},"s":{"0":560,"1":560},"f":{"0":560},"b":{},"meta":{"lastBranch":0,"lastFunction":1,"lastStatement":2,"seen":{"f:7:16:7:26":0,"s:8:18:8:56":0,"s:9:2:20:Infinity":1}}}
,"/Users/kevinp/agile-dev-devops-spring-2026-ai-schools-workshop-ai-schools-workshop_crimson_jaguars/src/components/PresetSelect.tsx": {"path":"/Users/kevinp/agile-dev-devops-spring-2026-ai-schools-workshop-ai-schools-workshop_crimson_jaguars/src/components/PresetSelect.tsx","statementMap":{"0":{"start":{"line":11,"column":2},"end":{"line":28,"column":null}},"1":{"start":{"line":20,"column":25},"end":{"line":20,"column":62}},"2":{"start":{"line":23,"column":10},"end":{"line":25,"column":null}}},"fnMap":{"0":{"name":"PresetSelect","decl":{"start":{"line":10,"column":24},"end":{"line":10,"column":37}},"loc":{"start":{"line":10,"column":74},"end":{"line":28,"column":null}},"line":10},"1":{"name":"(anonymous_1)","decl":{"start":{"line":20,"column":8},"end":{"line":20,"column":19}},"loc":{"start":{"line":20,"column":25},"end":{"line":20,"column":62}},"line":20},"2":{"name":"(anonymous_2)","decl":{"start":{"line":22,"column":17},"end":{"line":22,"column":22}},"loc":{"start":{"line":23,"column":10},"end":{"line":25,"column":null}},"line":23}},"branchMap":{},"s":{"0":29,"1":4,"2":79},"f":{"0":29,"1":4,"2":79},"b":{},"meta":{"lastBranch":0,"lastFunction":3,"lastStatement":3,"seen":{"f:10:24:10:37":0,"s:11:2:28:Infinity":0,"f:20:8:20:19":1,"s:20:25:20:62":1,"f:22:17:22:22":2,"s:23:10:25:Infinity":2}}}
,"/Users/kevinp/agile-dev-devops-spring-2026-ai-schools-workshop-ai-schools-workshop_crimson_jaguars/src/components/StateSelect.tsx": {"path":"/Users/kevinp/agile-dev-devops-spring-2026-ai-schools-workshop-ai-schools-workshop_crimson_jaguars/src/components/StateSelect.tsx","statementMap":{"0":{"start":{"line":8,"column":2},"end":{"line":26,"column":null}},"1":{"start":{"line":17,"column":25},"end":{"line":17,"column":49}},"2":{"start":{"line":21,"column":10},"end":{"line":23,"column":null}}},"fnMap":{"0":{"name":"StateSelect","decl":{"start":{"line":7,"column":24},"end":{"line":7,"column":36}},"loc":{"start":{"line":7,"column":72},"end":{"line":26,"column":null}},"line":7},"1":{"name":"(anonymous_1)","decl":{"start":{"line":17,"column":8},"end":{"line":17,"column":19}},"loc":{"start":{"line":17,"column":25},"end":{"line":17,"column":49}},"line":17},"2":{"name":"(anonymous_2)","decl":{"start":{"line":20,"column":16},"end":{"line":20,"column":21}},"loc":{"start":{"line":21,"column":10},"end":{"line":23,"column":null}},"line":21}},"branchMap":{},"s":{"0":30,"1":3,"2":329},"f":{"0":30,"1":3,"2":329},"b":{},"meta":{"lastBranch":0,"lastFunction":3,"lastStatement":3,"seen":{"f:7:24:7:36":0,"s:8:2:26:Infinity":0,"f:17:8:17:19":1,"s:17:25:17:49":1,"f:20:16:20:21":2,"s:21:10:23:Infinity":2}}}
,"/Users/kevinp/agile-dev-devops-spring-2026-ai-schools-workshop-ai-schools-workshop_crimson_jaguars/src/data/mockDistricts.ts": {"path":"/Users/kevinp/agile-dev-devops-spring-2026-ai-schools-workshop-ai-schools-workshop_crimson_jaguars/src/data/mockDistricts.ts","statementMap":{"0":{"start":{"line":3,"column":47},"end":{"line":114,"column":null}}},"fnMap":{},"branchMap":{},"s":{"0":3},"f":{},"b":{},"meta":{"lastBranch":0,"lastFunction":0,"lastStatement":1,"seen":{"s:3:47:114:Infinity":0}}}
,"/Users/kevinp/agile-dev-devops-spring-2026-ai-schools-workshop-ai-schools-workshop_crimson_jaguars/src/lib/presets.ts": {"path":"/Users/kevinp/agile-dev-devops-spring-2026-ai-schools-workshop-ai-schools-workshop_crimson_jaguars/src/lib/presets.ts","statementMap":{"0":{"start":{"line":8,"column":22},"end":{"line":23,"column":null}},"1":{"start":{"line":25,"column":57},"end":{"line":36,"column":null}}},"fnMap":{},"branchMap":{},"s":{"0":3,"1":3},"f":{},"b":{},"meta":{"lastBranch":0,"lastFunction":0,"lastStatement":2,"seen":{"s:8:22:23:Infinity":0,"s:25:57:36:Infinity":1}}}
,"/Users/kevinp/agile-dev-devops-spring-2026-ai-schools-workshop-ai-schools-workshop_crimson_jaguars/src/lib/types.ts": {"path":"/Users/kevinp/agile-dev-devops-spring-2026-ai-schools-workshop-ai-schools-workshop_crimson_jaguars/src/lib/types.ts","statementMap":{},"fnMap":{},"branchMap":{},"s":{},"f":{},"b":{},"meta":{"lastBranch":0,"lastFunction":0,"lastStatement":0,"seen":{}}}
,"/Users/kevinp/agile-dev-devops-spring-2026-ai-schools-workshop-ai-schools-workshop_crimson_jaguars/src/pages/ComparePage.tsx": {"path":"/Users/kevinp/agile-dev-devops-spring-2026-ai-schools-workshop-ai-schools-workshop_crimson_jaguars/src/pages/ComparePage.tsx","statementMap":{"0":{"start":{"line":9,"column":33},"end":{"line":9,"column":null}},"1":{"start":{"line":11,"column":18},"end":{"line":37,"column":null}},"2":{"start":{"line":39,"column":2},"end":{"line":123,"column":null}},"3":{"start":{"line":102,"column":14},"end":{"line":120,"column":null}}},"fnMap":{"0":{"name":"ComparePage","decl":{"start":{"line":8,"column":16},"end":{"line":8,"column":28}},"loc":{"start":{"line":8,"column":69},"end":{"line":123,"column":null}},"line":8},"1":{"name":"(anonymous_1)","decl":{"start":{"line":101,"column":21},"end":{"line":101,"column":26}},"loc":{"start":{"line":102,"column":14},"end":{"line":120,"column":null}},"line":102}},"branchMap":{},"s":{"0":12,"1":12,"2":12,"3":60},"f":{"0":12,"1":60},"b":{},"meta":{"lastBranch":0,"lastFunction":2,"lastStatement":4,"seen":{"f:8:16:8:28":0,"s:9:33:9:Infinity":0,"s:11:18:37:Infinity":1,"s:39:2:123:Infinity":2,"f:101:21:101:26":1,"s:102:14:120:Infinity":3}}}
,"/Users/kevinp/agile-dev-devops-spring-2026-ai-schools-workshop-ai-schools-workshop_crimson_jaguars/src/pages/HomePage.tsx": {"path":"/Users/kevinp/agile-dev-devops-spring-2026-ai-schools-workshop-ai-schools-workshop_crimson_jaguars/src/pages/HomePage.tsx","statementMap":{"0":{"start":{"line":10,"column":8},"end":{"line":10,"column":32}},"1":{"start":{"line":12,"column":19},"end":{"line":12,"column":62}},"2":{"start":{"line":13,"column":16},"end":{"line":13,"column":40}},"3":{"start":{"line":14,"column":17},"end":{"line":14,"column":61}},"4":{"start":{"line":16,"column":8},"end":{"line":16,"column":68}},"5":{"start":{"line":16,"column":38},"end":{"line":16,"column":57}},"6":{"start":{"line":19,"column":4},"end":{"line":19,"column":null}},"7":{"start":{"line":20,"column":4},"end":{"line":20,"column":null}},"8":{"start":{"line":24,"column":4},"end":{"line":24,"column":null}},"9":{"start":{"line":25,"column":4},"end":{"line":25,"column":null}},"10":{"start":{"line":25,"column":16},"end":{"line":25,"column":null}},"11":{"start":{"line":27,"column":19},"end":{"line":31,"column":6}},"12":{"start":{"line":33,"column":4},"end":{"line":33,"column":null}},"13":{"start":{"line":36,"column":2},"end":{"line":59,"column":null}}},"fnMap":{"0":{"name":"HomePage","decl":{"start":{"line":9,"column":24},"end":{"line":9,"column":35}},"loc":{"start":{"line":9,"column":35},"end":{"line":59,"column":null}},"line":9},"1":{"name":"(anonymous_1)","decl":{"start":{"line":16,"column":24},"end":{"line":16,"column":38}},"loc":{"start":{"line":16,"column":38},"end":{"line":16,"column":57}},"line":16},"2":{"name":"handleAudienceChange","decl":{"start":{"line":18,"column":11},"end":{"line":18,"column":32}},"loc":{"start":{"line":18,"column":56},"end":{"line":20,"column":null}},"line":18},"3":{"name":"handleSubmit","decl":{"start":{"line":23,"column":11},"end":{"line":23,"column":24}},"loc":{"start":{"line":23,"column":44},"end":{"line":33,"column":null}},"line":23}},"branchMap":{"0":{"loc":{"start":{"line":25,"column":4},"end":{"line":25,"column":null}},"type":"if","locations":[{"start":{"line":25,"column":4},"end":{"line":25,"column":null}},{"start":{},"end":{}}],"line":25}},"s":{"0":22,"1":22,"2":22,"3":22,"4":22,"5":17,"6":4,"7":4,"8":0,"9":0,"10":0,"11":0,"12":0,"13":22},"f":{"0":22,"1":17,"2":4,"3":0},"b":{"0":[0,0]},"meta":{"lastBranch":1,"lastFunction":4,"lastStatement":14,"seen":{"f:9:24:9:35":0,"s:10:8:10:32":0,"s:12:19:12:62":1,"s:13:16:13:40":2,"s:14:17:14:61":3,"s:16:8:16:68":4,"f:16:24:16:38":1,"s:16:38:16:57":5,"f:18:11:18:32":2,"s:19:4:19:Infinity":6,"s:20:4:20:Infinity":7,"f:23:11:23:24":3,"s:24:4:24:Infinity":8,"b:25:4:25:Infinity:undefined:undefined:undefined:undefined":0,"s:25:4:25:Infinity":9,"s:25:16:25:Infinity":10,"s:27:19:31:6":11,"s:33:4:33:Infinity":12,"s:36:2:59:Infinity":13}}}
,"/Users/kevinp/agile-dev-devops-spring-2026-ai-schools-workshop-ai-schools-workshop_crimson_jaguars/src/pages/ResultsPage.tsx": {"path":"/Users/kevinp/agile-dev-devops-spring-2026-ai-schools-workshop-ai-schools-workshop_crimson_jaguars/src/pages/ResultsPage.tsx","statementMap":{"0":{"start":{"line":14,"column":49},"end":{"line":21,"column":null}},"1":{"start":{"line":23,"column":50},"end":{"line":26,"column":null}},"2":{"start":{"line":28,"column":44},"end":{"line":29,"column":null}},"3":{"start":{"line":39,"column":21},"end":{"line":39,"column":60}},"4":{"start":{"line":41,"column":8},"end":{"line":46,"column":null}},"5":{"start":{"line":43,"column":6},"end":{"line":45,"column":42}},"6":{"start":{"line":44,"column":23},"end":{"line":44,"column":41}},"7":{"start":{"line":45,"column":24},"end":{"line":45,"column":42}},"8":{"start":{"line":49,"column":8},"end":{"line":54,"column":null}},"9":{"start":{"line":50,"column":4},"end":{"line":54,"column":null}},"10":{"start":{"line":51,"column":6},"end":{"line":51,"column":null}},"11":{"start":{"line":51,"column":29},"end":{"line":51,"column":null}},"12":{"start":{"line":51,"column":55},"end":{"line":51,"column":64}},"13":{"start":{"line":52,"column":6},"end":{"line":52,"column":null}},"14":{"start":{"line":52,"column":28},"end":{"line":52,"column":null}},"15":{"start":{"line":53,"column":6},"end":{"line":53,"column":null}},"16":{"start":{"line":57,"column":8},"end":{"line":62,"column":null}},"17":{"start":{"line":58,"column":4},"end":{"line":58,"column":null}},"18":{"start":{"line":58,"column":33},"end":{"line":58,"column":null}},"19":{"start":{"line":59,"column":19},"end":{"line":61,"column":53}},"20":{"start":{"line":60,"column":19},"end":{"line":60,"column":53}},"21":{"start":{"line":60,"column":41},"end":{"line":60,"column":53}},"22":{"start":{"line":61,"column":42},"end":{"line":61,"column":52}},"23":{"start":{"line":62,"column":4},"end":{"line":62,"column":null}},"24":{"start":{"line":62,"column":16},"end":{"line":62,"column":null}},"25":{"start":{"line":65,"column":21},"end":{"line":65,"column":null}},"26":{"start":{"line":67,"column":2},"end":{"line":140,"column":null}},"27":{"start":{"line":126,"column":31},"end":{"line":126,"column":63}},"28":{"start":{"line":127,"column":36},"end":{"line":127,"column":null}},"29":{"start":{"line":128,"column":12},"end":{"line":136,"column":null}}},"fnMap":{"0":{"name":"ResultsPage","decl":{"start":{"line":32,"column":16},"end":{"line":32,"column":28}},"loc":{"start":{"line":38,"column":21},"end":{"line":140,"column":null}},"line":38},"1":{"name":"(anonymous_1)","decl":{"start":{"line":41,"column":20},"end":{"line":41,"column":null}},"loc":{"start":{"line":43,"column":6},"end":{"line":45,"column":42}},"line":43},"2":{"name":"(anonymous_2)","decl":{"start":{"line":44,"column":9},"end":{"line":44,"column":17}},"loc":{"start":{"line":44,"column":23},"end":{"line":44,"column":41}},"line":44},"3":{"name":"(anonymous_3)","decl":{"start":{"line":45,"column":9},"end":{"line":45,"column":15}},"loc":{"start":{"line":45,"column":24},"end":{"line":45,"column":42}},"line":45},"4":{"name":"(anonymous_4)","decl":{"start":{"line":49,"column":8},"end":{"line":49,"column":25}},"loc":{"start":{"line":49,"column":40},"end":{"line":54,"column":null}},"line":49},"5":{"name":"(anonymous_5)","decl":{"start":{"line":50,"column":4},"end":{"line":50,"column":19}},"loc":{"start":{"line":50,"column":28},"end":{"line":54,"column":null}},"line":50},"6":{"name":"(anonymous_6)","decl":{"start":{"line":51,"column":41},"end":{"line":51,"column":49}},"loc":{"start":{"line":51,"column":55},"end":{"line":51,"column":64}},"line":51},"7":{"name":"(anonymous_7)","decl":{"start":{"line":57,"column":8},"end":{"line":57,"column":35}},"loc":{"start":{"line":57,"column":35},"end":{"line":62,"column":null}},"line":57},"8":{"name":"(anonymous_8)","decl":{"start":{"line":60,"column":7},"end":{"line":60,"column":12}},"loc":{"start":{"line":60,"column":19},"end":{"line":60,"column":53}},"line":60},"9":{"name":"(anonymous_9)","decl":{"start":{"line":60,"column":29},"end":{"line":60,"column":35}},"loc":{"start":{"line":60,"column":41},"end":{"line":60,"column":53}},"line":60},"10":{"name":"(anonymous_10)","decl":{"start":{"line":61,"column":7},"end":{"line":61,"column":15}},"loc":{"start":{"line":61,"column":42},"end":{"line":61,"column":52}},"line":61},"11":{"name":"(anonymous_11)","decl":{"start":{"line":125,"column":21},"end":{"line":125,"column":26}},"loc":{"start":{"line":125,"column":44},"end":{"line":136,"column":null}},"line":125}},"branchMap":{"0":{"loc":{"start":{"line":51,"column":6},"end":{"line":51,"column":null}},"type":"if","locations":[{"start":{"line":51,"column":6},"end":{"line":51,"column":null}},{"start":{},"end":{}}],"line":51},"1":{"loc":{"start":{"line":52,"column":6},"end":{"line":52,"column":null}},"type":"if","locations":[{"start":{"line":52,"column":6},"end":{"line":52,"column":null}},{"start":{},"end":{}}],"line":52},"2":{"loc":{"start":{"line":58,"column":4},"end":{"line":58,"column":null}},"type":"if","locations":[{"start":{"line":58,"column":4},"end":{"line":58,"column":null}},{"start":{},"end":{}}],"line":58},"3":{"loc":{"start":{"line":62,"column":4},"end":{"line":62,"column":null}},"type":"if","locations":[{"start":{"line":62,"column":4},"end":{"line":62,"column":null}},{"start":{},"end":{}}],"line":62},"4":{"loc":{"start":{"line":62,"column":8},"end":{"line":62,"column":16}},"type":"binary-expr","locations":[{"start":{"line":62,"column":8},"end":{"line":62,"column":13}},{"start":{"line":62,"column":13},"end":{"line":62,"column":16}}],"line":62},"5":{"loc":{"start":{"line":65,"column":21},"end":{"line":65,"column":null}},"type":"binary-expr","locations":[{"start":{"line":65,"column":21},"end":{"line":65,"column":43}},{"start":{"line":65,"column":43},"end":{"line":65,"column":null}}],"line":65},"6":{"loc":{"start":{"line":102,"column":7},"end":{"line":120,"column":null}},"type":"binary-expr","locations":[{"start":{"line":102,"column":7},"end":{"line":102,"column":null}},{"start":{"line":103,"column":8},"end":{"line":120,"column":null}}],"line":102},"7":{"loc":{"start":{"line":127,"column":36},"end":{"line":127,"column":null}},"type":"binary-expr","locations":[{"start":{"line":127,"column":36},"end":{"line":127,"column":51}},{"start":{"line":127,"column":51},"end":{"line":127,"column":null}}],"line":127}},"s":{"0":2,"1":2,"2":2,"3":14,"4":14,"5":12,"6":120,"7":108,"8":14,"9":2,"10":2,"11":0,"12":0,"13":2,"14":0,"15":2,"16":14,"17":0,"18":0,"19":0,"20":0,"21":0,"22":0,"23":0,"24":0,"25":14,"26":14,"27":140,"28":140,"29":140},"f":{"0":14,"1":12,"2":120,"3":108,"4":2,"5":2,"6":0,"7":0,"8":0,"9":0,"10":0,"11":140},"b":{"0":[0,2],"1":[0,2],"2":[0,0],"3":[0,0],"4":[0,0],"5":[14,0],"6":[14,2],"7":[140,137]},"meta":{"lastBranch":8,"lastFunction":12,"lastStatement":30,"seen":{"s:14:49:21:Infinity":0,"s:23:50:26:Infinity":1,"s:28:44:29:Infinity":2,"f:32:16:32:28":0,"s:39:21:39:60":3,"s:41:8:46:Infinity":4,"f:41:20:41:Infinity":1,"s:43:6:45:42":5,"f:44:9:44:17":2,"s:44:23:44:41":6,"f:45:9:45:15":3,"s:45:24:45:42":7,"s:49:8:54:Infinity":8,"f:49:8:49:25":4,"s:50:4:54:Infinity":9,"f:50:4:50:19":5,"b:51:6:51:Infinity:undefined:undefined:undefined:undefined":0,"s:51:6:51:Infinity":10,"s:51:29:51:Infinity":11,"f:51:41:51:49":6,"s:51:55:51:64":12,"b:52:6:52:Infinity:undefined:undefined:undefined:undefined":1,"s:52:6:52:Infinity":13,"s:52:28:52:Infinity":14,"s:53:6:53:Infinity":15,"s:57:8:62:Infinity":16,"f:57:8:57:35":7,"b:58:4:58:Infinity:undefined:undefined:undefined:undefined":2,"s:58:4:58:Infinity":17,"s:58:33:58:Infinity":18,"s:59:19:61:53":19,"f:60:7:60:12":8,"s:60:19:60:53":20,"f:60:29:60:35":9,"s:60:41:60:53":21,"f:61:7:61:15":10,"s:61:42:61:52":22,"b:62:4:62:Infinity:undefined:undefined:undefined:undefined":3,"s:62:4:62:Infinity":23,"b:62:8:62:13:62:13:62:16":4,"s:62:16:62:Infinity":24,"s:65:21:65:Infinity":25,"b:65:21:65:43:65:43:65:Infinity":5,"s:67:2:140:Infinity":26,"b:102:7:102:Infinity:103:8:120:Infinity":6,"f:125:21:125:26":11,"s:126:31:126:63":27,"s:127:36:127:Infinity":28,"b:127:36:127:51:127:51:127:Infinity":7,"s:128:12:136:Infinity":29}}}
}
